<?xml version="1.0" encoding="UTF-8"?>
<!-- Generated by org.testng.reporters.JUnitReportReporter -->
<testsuite hostname="IL-IT-VENKATESHV" failures="0" tests="1" name="inmobus.testcases.student_forgotpassword" time="25.243" errors="0" timestamp="31 Jul 2024 04:02:21 GMT" skipped="0">
  <testcase classname="inmobus.testcases.student_forgotpassword" name="forgotpassword" time="25.243"/>
</testsuite> <!-- inmobus.testcases.student_forgotpassword -->
