<?xml version="1.0" encoding="UTF-8"?>
<!-- Generated by org.testng.reporters.JUnitReportReporter -->
<testsuite hostname="IL-IT-VENKATESHV" failures="0" tests="1" name="inmobus.testcases.student_login_withOTP" time="27.910" errors="0" timestamp="31 Jul 2024 04:02:21 GMT" skipped="0">
  <testcase classname="inmobus.testcases.student_login_withOTP" name="login_With_Otp" time="27.910"/>
</testsuite> <!-- inmobus.testcases.student_login_withOTP -->
