<?xml version="1.0" encoding="UTF-8"?>
<!-- Generated by org.testng.reporters.JUnitReportReporter -->
<testsuite hostname="IL-IT-VENKATESHV" failures="0" tests="1" name="inmobus.testcases.New_School_Register" time="101.652" errors="0" timestamp="29 Oct 2024 10:53:10 GMT" skipped="0">
  <testcase classname="inmobus.testcases.New_School_Register" name="New_School_Registration" time="101.652"/>
</testsuite> <!-- inmobus.testcases.New_School_Register -->
