<?xml version="1.0" encoding="UTF-8"?>
<!-- Generated by org.testng.reporters.JUnitReportReporter -->
<testsuite hostname="IL-IT-VENKATESHV" failures="0" tests="1" name="inmobus.testcases.insights" time="20.834" errors="0" timestamp="29 Oct 2024 10:53:10 GMT" skipped="0">
  <testcase classname="inmobus.testcases.insights" name="tenantDetails" time="20.834"/>
</testsuite> <!-- inmobus.testcases.insights -->
